<?xml version="1.0" encoding="UTF-8"?>
<testng-results ignored="0" total="4" passed="3" failed="1" skipped="0">
  <reporter-output>
  </reporter-output>
  <suite started-at="2025-04-30T00:50:12 IST" name="All Test Suite" finished-at="2025-04-30T00:50:36 IST" duration-ms="24272">
    <groups>
    </groups>
    <test started-at="2025-04-30T00:50:12 IST" name="SauceDemoWebsiteTests" finished-at="2025-04-30T00:50:36 IST" duration-ms="24272">
      <class name="SauceDemoTest">
        <test-method is-config="true" signature="setup()[pri:0, instance:SauceDemoTest@4690b489]" started-at="2025-04-30T00:50:12 IST" name="setup" finished-at="2025-04-30T00:50:27 IST" duration-ms="15581" status="PASS">
          <reporter-output>
          </reporter-output>
        </test-method> <!-- setup -->
        <test-method signature="login()[pri:1, instance:SauceDemoTest@4690b489]" started-at="2025-04-30T00:50:27 IST" name="login" finished-at="2025-04-30T00:50:30 IST" duration-ms="3298" status="PASS">
          <reporter-output>
          </reporter-output>
        </test-method> <!-- login -->
        <test-method signature="verifyProductsSortedZToA()[pri:2, instance:SauceDemoTest@4690b489]" started-at="2025-04-30T00:50:30 IST" name="verifyProductsSortedZToA" finished-at="2025-04-30T00:50:34 IST" duration-ms="3093" status="PASS">
          <reporter-output>
          </reporter-output>
        </test-method> <!-- verifyProductsSortedZToA -->
        <test-method signature="verifyPricesSortedHighToLow()[pri:3, instance:SauceDemoTest@4690b489]" started-at="2025-04-30T00:50:34 IST" name="verifyPricesSortedHighToLow" finished-at="2025-04-30T00:50:34 IST" duration-ms="319" status="FAIL">
          <exception class="java.lang.AssertionError">
            <message>
              <![CDATA[Prices are NOT sorted from High to Low! expected [true] but found [false]]]>
            </message>
            <full-stacktrace>
              <![CDATA[java.lang.AssertionError: Prices are NOT sorted from High to Low! expected [true] but found [false]
at org.testng.Assert.fail(Assert.java:110)
at org.testng.Assert.failNotEquals(Assert.java:1413)
at org.testng.Assert.assertTrue(Assert.java:56)
at SauceDemoTest.verifyPricesSortedHighToLow(SauceDemoTest.java:92)
at java.base/jdk.internal.reflect.NativeMethodAccessorImpl.invoke0(Native Method)
at java.base/jdk.internal.reflect.NativeMethodAccessorImpl.invoke(NativeMethodAccessorImpl.java:77)
at java.base/jdk.internal.reflect.DelegatingMethodAccessorImpl.invoke(DelegatingMethodAccessorImpl.java:43)
at java.base/java.lang.reflect.Method.invoke(Method.java:568)
at org.testng.internal.invokers.MethodInvocationHelper.invokeMethod(MethodInvocationHelper.java:139)
at org.testng.internal.invokers.TestInvoker.invokeMethod(TestInvoker.java:677)
at org.testng.internal.invokers.TestInvoker.invokeTestMethod(TestInvoker.java:221)
at org.testng.internal.invokers.MethodRunner.runInSequence(MethodRunner.java:50)
at org.testng.internal.invokers.TestInvoker$MethodInvocationAgent.invoke(TestInvoker.java:969)
at org.testng.internal.invokers.TestInvoker.invokeTestMethods(TestInvoker.java:194)
at org.testng.internal.invokers.TestMethodWorker.invokeTestMethods(TestMethodWorker.java:148)
at org.testng.internal.invokers.TestMethodWorker.run(TestMethodWorker.java:128)
at java.base/java.util.ArrayList.forEach(ArrayList.java:1511)
at org.testng.TestRunner.privateRun(TestRunner.java:829)
at org.testng.TestRunner.run(TestRunner.java:602)
at org.testng.SuiteRunner.runTest(SuiteRunner.java:437)
at org.testng.SuiteRunner.runSequentially(SuiteRunner.java:431)
at org.testng.SuiteRunner.privateRun(SuiteRunner.java:391)
at org.testng.SuiteRunner.run(SuiteRunner.java:330)
at org.testng.SuiteRunnerWorker.runSuite(SuiteRunnerWorker.java:52)
at org.testng.SuiteRunnerWorker.run(SuiteRunnerWorker.java:95)
at org.testng.TestNG.runSuitesSequentially(TestNG.java:1256)
at org.testng.TestNG.runSuitesLocally(TestNG.java:1176)
at org.testng.TestNG.runSuites(TestNG.java:1099)
at org.testng.TestNG.run(TestNG.java:1067)
at org.apache.maven.surefire.testng.TestNGExecutor.run(TestNGExecutor.java:284)
at org.apache.maven.surefire.testng.TestNGXmlTestSuite.execute(TestNGXmlTestSuite.java:75)
at org.apache.maven.surefire.testng.TestNGProvider.invoke(TestNGProvider.java:119)
at org.apache.maven.surefire.booter.ForkedBooter.runSuitesInProcess(ForkedBooter.java:428)
at org.apache.maven.surefire.booter.ForkedBooter.execute(ForkedBooter.java:162)
at org.apache.maven.surefire.booter.ForkedBooter.run(ForkedBooter.java:562)
at org.apache.maven.surefire.booter.ForkedBooter.main(ForkedBooter.java:548)
]]>
            </full-stacktrace>
          </exception> <!-- java.lang.AssertionError -->
          <reporter-output>
          </reporter-output>
        </test-method> <!-- verifyPricesSortedHighToLow -->
        <test-method signature="verifyCheckoutJourney()[pri:4, instance:SauceDemoTest@4690b489]" started-at="2025-04-30T00:50:34 IST" name="verifyCheckoutJourney" finished-at="2025-04-30T00:50:34 IST" duration-ms="489" status="PASS">
          <reporter-output>
          </reporter-output>
        </test-method> <!-- verifyCheckoutJourney -->
        <test-method is-config="true" signature="teardown()[pri:0, instance:SauceDemoTest@4690b489]" started-at="2025-04-30T00:50:34 IST" name="teardown" finished-at="2025-04-30T00:50:36 IST" duration-ms="1421" status="PASS">
          <reporter-output>
          </reporter-output>
        </test-method> <!-- teardown -->
      </class> <!-- SauceDemoTest -->
    </test> <!-- SauceDemoWebsiteTests -->
  </suite> <!-- All Test Suite -->
</testng-results>
